<?xml version="1.0" encoding="UTF-8"?>
<!-- Generated by org.testng.reporters.JUnitReportReporter -->
<testsuite hostname="DESKTOP-TCKKCNF" failures="0" tests="2" name="test.LoginPageTest" time="9.477" errors="0" timestamp="05 Aug 2023 06:06:35 GMT" skipped="0">
  <testcase classname="test.LoginPageTest" name="loginTest" time="4.642"/>
  <testcase classname="test.LoginPageTest" name="pageTitleTest" time="4.835"/>
</testsuite> <!-- test.LoginPageTest -->
